nohup: ignoring input
[0mGET / [36m304 [0m5.450 ms - -[0m
[0mGET /javascripts/app.js [36m304 [0m1.482 ms - -[0m
[0mGET /birds.jpg [36m304 [0m0.805 ms - -[0m
[0mGET /images/favicon.ico [32m200 [0m3.112 ms - 318[0m
[0mGET / [36m304 [0m0.390 ms - -[0m
[0mGET /javascripts/app.js [36m304 [0m0.431 ms - -[0m
[0mGET /birds.jpg [36m304 [0m14.305 ms - -[0m
[0mGET /images/favicon.ico [32m200 [0m8.126 ms - 318[0m
[0mGET / [36m304 [0m1.217 ms - -[0m
[0mGET /javascripts/app.js [32m200 [0m1.604 ms - 1564[0m
(node:9405) DeprecationWarning: Mongoose: mpromise (mongoose's default promise library) is deprecated, plug in your own promise library instead: http://mongoosejs.com/docs/promises.html
[0mGET /birds.jpg [36m304 [0m13.965 ms - -[0m
[0mPOST /students [32m200 [0m53.117 ms - 59[0m
[0mGET /students [32m200 [0m26.363 ms - 61[0m
[0mGET / [36m304 [0m0.300 ms - -[0m
[0mGET /javascripts/app.js [36m304 [0m0.323 ms - -[0m
[0mPOST /students [32m200 [0m2.869 ms - 59[0m
[0mGET /birds.jpg [36m304 [0m2.109 ms - -[0m
[0mGET /students [32m200 [0m3.297 ms - 121[0m
[0mPUT /students/undefined/addPracticeTime [33m404 [0m298.529 ms - 1909[0m
[0mPUT /students/undefined/addPracticeTime [33m404 [0m41.312 ms - 1909[0m
[0mPUT /students/undefined/addPracticeTime [33m404 [0m36.299 ms - 1909[0m
[0mPUT /students/undefined/addPracticeTime [33m404 [0m20.140 ms - 1909[0m
[0mPUT /students/undefined/addPracticeTime [33m404 [0m14.425 ms - 1909[0m
[0mPUT /students/undefined/addPracticeTime [33m404 [0m9.696 ms - 1909[0m
[0mPUT /students/undefined/addPracticeTime [33m404 [0m11.130 ms - 1909[0m
[0mPUT /students/5a0e14b0a6076724bd3927ab/addPracticeTime [33m404 [0m19.330 ms - 1909[0m
[0mPUT /students/5a0e14b0a6076724bd3927ab/addPracticeTime [33m404 [0m5.979 ms - 1909[0m
[0mPUT /students/5a0e14b0a6076724bd3927ab/addPracticeTime [33m404 [0m6.189 ms - 1909[0m
[0mPUT /students/5a0e14b0a6076724bd3927ab/addPracticeTime [33m404 [0m8.427 ms - 1909[0m
[0mPUT /students/5a0e14b0a6076724bd3927ab/addPracticeTime [33m404 [0m5.020 ms - 1909[0m
[0mPUT /students/5a0e14b0a6076724bd3927ab/addPracticeTime [33m404 [0m10.457 ms - 1909[0m
[0mPUT /students/5a0e14b0a6076724bd3927ab/addPracticeTime [33m404 [0m8.554 ms - 1909[0m
[0mPUT /students/5a0e14b0a6076724bd3927ab/addPracticeTime [33m404 [0m15.759 ms - 1909[0m
[0mPUT /students/5a0e14b0a6076724bd3927ab/addPracticeTime [33m404 [0m4.525 ms - 1909[0m
[0mPUT /students/5a0e14b0a6076724bd3927ab/addPracticeTime [33m404 [0m7.335 ms - 1909[0m
[0mPUT /students/5a0e14b0a6076724bd3927ab/addPracticeTime [33m404 [0m8.571 ms - 1909[0m
[0mPUT /students/5a0e14b0a6076724bd3927ab/addPracticeTime [33m404 [0m4.981 ms - 1909[0m
[0mPUT /students/5a0e14b0a6076724bd3927ab/addPracticeTime [33m404 [0m11.357 ms - 1909[0m
[0mPUT /students/5a0e14b0a6076724bd3927ab/addPracticeTime [33m404 [0m12.051 ms - 1909[0m
[0mPUT /students/5a0e14b0a6076724bd3927ab/addPracticeTime [33m404 [0m5.148 ms - 1909[0m
[0mPUT /students/5a0e14b0a6076724bd3927ab/addPracticeTime [33m404 [0m3.501 ms - 1909[0m
[0mPUT /students/5a0e14b0a6076724bd3927ab/addPracticeTime [33m404 [0m6.132 ms - 1909[0m
[0mPUT /students/5a0e14b0a6076724bd3927ab/addPracticeTime [33m404 [0m5.595 ms - 1909[0m
[0mPUT /students/5a0e6d89a6076724bd3927ac/addPracticeTime [33m404 [0m3.965 ms - 1909[0m
[0mPUT /students/5a0e6d89a6076724bd3927ac/addPracticeTime [33m404 [0m3.565 ms - 1909[0m
[0mPUT /students/5a0e6d89a6076724bd3927ac/addPracticeTime [33m404 [0m3.796 ms - 1909[0m
[0mPUT /students/5a0e6d89a6076724bd3927ac/addPracticeTime [33m404 [0m4.059 ms - 1909[0m
[0mPUT /students/5a0e6d89a6076724bd3927ac/addPracticeTime [33m404 [0m3.454 ms - 1909[0m
[0mPUT /students/5a0e6d89a6076724bd3927ac/addPracticeTime [33m404 [0m4.972 ms - 1909[0m
[0mPUT /students/5a0e6d89a6076724bd3927ac/addPracticeTime [33m404 [0m4.797 ms - 1909[0m
[0mPUT /students/5a0e6d89a6076724bd3927ac/addPracticeTime [33m404 [0m6.899 ms - 1909[0m
[0mPUT /students/5a0e6d89a6076724bd3927ac/addPracticeTime [33m404 [0m3.610 ms - 1909[0m
[0mPUT /students/5a0e6d89a6076724bd3927ac/addPracticeTime [33m404 [0m3.884 ms - 1909[0m
[0mPUT /students/5a0e6d89a6076724bd3927ac/addPracticeTime [33m404 [0m4.126 ms - 1909[0m
[0mPUT /students/undefined/addPracticeTime [33m404 [0m48.240 ms - 1909[0m
[0mPUT /students/undefined/addPracticeTime [33m404 [0m26.158 ms - 1909[0m
[0mPUT /students/undefined/addPracticeTime [33m404 [0m41.703 ms - 1909[0m
[0mPUT /students/undefined/addPracticeTime [33m404 [0m31.943 ms - 1909[0m
[0mPUT /students/undefined/addPracticeTime [33m404 [0m34.934 ms - 1909[0m
[0mPUT /students/undefined/addPracticeTime [33m404 [0m14.247 ms - 1909[0m
